2021-09-08 00:00:00.438 1631030400421fPy /api/permission/list  0:0:0:0:0:0:0:1 admin [http-nio-8888-exec-2] INFO  c.j.b.r.d.m.p.ModelFieldFactory:35 - 反射读取interface com.jun.biz.manager.dao.PermissionDao实体类属性
2021-09-08 00:00:00.458 1631030400421fPy /api/permission/list  0:0:0:0:0:0:0:1 admin [http-nio-8888-exec-2] INFO  c.j.b.r.d.m.p.ModelFieldFactory:73 - 读取interface com.jun.biz.manager.dao.PermissionDao实体类属性结束
2021-09-08 00:00:00.492 1631030400421fPy /api/permission/list  0:0:0:0:0:0:0:1 admin [http-nio-8888-exec-2] INFO  c.j.b.manager.aop.WebLogAspect:39 - PermissionController.list|[]|ResultVO(code=0, msg=请求成功, data=[PermissionVO(id=78, pid=null, title=首页, code=sys:index, icon=fa fa-home, type=1, href=, status=null, createTime=Tue Sep 07 10:00:50 CST 2021, weight=99.0, children=[]), PermissionVO(id=81, pid=78, title=主页三, code=sys:index3, icon=fa fa-tachometer, type=1, href=pages/welcome-3.html, status=null, createTime=Tue Sep 07 10:09:11 CST 2021, weight=30.0, children=[]), PermissionVO(id=80, pid=78, title=主页二, code=sys:index2, icon=fa fa-tachometer, type=1, href=pages/welcome-2.html, status=null, createTime=Tue Sep 07 10:08:12 CST 2021, weight=20.0, children=[]), PermissionVO(id=48, pid=null, title=运营管理, code=biz:mgt, icon=layui-icon layui-icon-service, type=1, href=, status=null, createTime=Tue Oct 20 16:19:32 CST 2020, weight=10.0, children=[]), PermissionVO(id=49, pid=48, title=商品管理, code=product:mgt, icon=, type=1, href=/page/product-list.html, status=null, createTime=Tue Oct 20 16:20:12 CST 2020, weight=10.0, children=[]), PermissionVO(id=53, pid=54, title=订单列表, code=order:mgt, icon=, type=1, href=/page/order-list.html, status=null, createTime=Tue Oct 20 19:08:39 CST 2020, weight=10.0, children=[]), PermissionVO(id=79, pid=78, title=主页一, code=sys:index1, icon=fa fa-tachometer, type=1, href=pages/welcome-1.html, status=null, createTime=Tue Sep 07 10:02:02 CST 2021, weight=10.0, children=[]), PermissionVO(id=52, pid=49, title=添加商品, code=product:add, icon=, type=2, href=, status=null, createTime=Tue Oct 20 19:07:23 CST 2020, weight=8.0, children=[]), PermissionVO(id=77, pid=null, title=推广管理, code=promote:mgt, icon=layui-icon layui-icon-gift, type=1, href=, status=null, createTime=Wed Nov 11 11:02:17 CST 2020, weight=8.0, children=[]), PermissionVO(id=76, pid=33, title=登录日志, code=admin:login-record, icon=, type=1, href=/page/login-record.html, status=null, createTime=Wed Nov 04 19:17:19 CST 2020, weight=7.0, children=[]), PermissionVO(id=50, pid=48, title=分类管理, code=category:mgt, icon=, type=1, href=/page/category-list.html, status=null, createTime=Tue Oct 20 17:27:50 CST 2020, weight=5.0, children=[]), PermissionVO(id=54, pid=null, title=交易管理, code=trade:mgt, icon=layui-icon layui-icon-cart, type=1, href=, status=null, createTime=Tue Oct 20 19:09:56 CST 2020, weight=5.0, children=[]), PermissionVO(id=55, pid=54, title=待发货订单, code=order:pay-list, icon=, type=1, href=/page/order-paid-list.html, status=null, createTime=Tue Oct 20 19:14:05 CST 2020, weight=5.0, children=[]), PermissionVO(id=58, pid=57, title=添加广告位, code=ad-space:add, icon=, type=2, href=, status=null, createTime=Tue Oct 20 19:22:07 CST 2020, weight=5.0, children=[]), PermissionVO(id=62, pid=49, title=修改商品, code=product:update, icon=, type=2, href=, status=null, createTime=Thu Oct 22 22:17:09 CST 2020, weight=5.0, children=[]), PermissionVO(id=20, pid=33, title=菜单管理, code=permission:mgt, icon=, type=1, href=/page/permission-list.html, status=null, createTime=Thu Oct 15 12:39:06 CST 2020, weight=3.0, children=[]), PermissionVO(id=51, pid=33, title=用户管理, code=user:mgt, icon=layui-icon layui-icon-user, type=1, href=/page/user-list.html, status=null, createTime=Tue Oct 20 18:52:52 CST 2020, weight=3.0, children=[]), PermissionVO(id=56, pid=54, title=待退款订单, code=order:refund-list, icon=, type=1, href=/page/order-refund-list.html, status=null, createTime=Tue Oct 20 19:15:13 CST 2020, weight=3.0, children=[]), PermissionVO(id=57, pid=77, title=广告位管理, code=ad-space:mgt, icon=, type=1, href=/page/ad-space-list.html, status=null, createTime=Tue Oct 20 19:21:03 CST 2020, weight=3.0, children=[]), PermissionVO(id=71, pid=68, title=添加广告, code=ad:add, icon=, type=2, href=, status=null, createTime=Mon Oct 26 14:00:21 CST 2020, weight=3.0, children=[]), PermissionVO(id=28, pid=33, title=角色管理, code=role:mgt, icon=, type=1, href=/page/role-list.html, status=null, createTime=Fri Oct 16 18:45:45 CST 2020, weight=2.0, children=[]), PermissionVO(id=39, pid=28, title=创建角色, code=role:add, icon=, type=2, href=, status=null, createTime=Tue Oct 20 10:09:55 CST 2020, weight=2.0, children=[]), PermissionVO(id=64, pid=49, title=上架商品, code=product:publish, icon=, type=2, href=, status=null, createTime=Sat Oct 24 21:46:58 CST 2020, weight=2.0, children=[]), PermissionVO(id=65, pid=49, title=下架商品, code=product:suspend, icon=, type=2, href=, status=null, createTime=Sat Oct 24 21:47:32 CST 2020, weight=2.0, children=[]), PermissionVO(id=67, pid=57, title=修改广告位, code=ad-space:update, icon=, type=2, href=, status=null, createTime=Sun Oct 25 12:03:09 CST 2020, weight=2.0, children=[]), PermissionVO(id=33, pid=null, title=系统管理, code=sys:mgt, icon=layui-icon layui-icon-set, type=1, href=, status=null, createTime=Mon Oct 19 10:23:37 CST 2020, weight=1.0, children=[]), PermissionVO(id=34, pid=20, title=添加权限, code=permission:add, icon=, type=2, href=, status=null, createTime=Mon Oct 19 11:45:02 CST 2020, weight=1.0, children=[]), PermissionVO(id=35, pid=20, title=修改权限, code=permission:update, icon=, type=2, href=, status=null, createTime=Mon Oct 19 12:52:11 CST 2020, weight=1.0, children=[]), PermissionVO(id=36, pid=20, title=删除权限, code=permission:del, icon=, type=2, href=, status=null, createTime=Mon Oct 19 13:00:26 CST 2020, weight=1.0, children=[]), PermissionVO(id=38, pid=28, title=修改角色, code=role:update, icon=, type=2, href=, status=null, createTime=Mon Oct 19 14:24:53 CST 2020, weight=1.0, children=[]), PermissionVO(id=40, pid=33, title=用户管理, code=admin:mgt, icon=, type=1, href=/page/admin-list.html, status=null, createTime=Tue Oct 20 11:44:12 CST 2020, weight=1.0, children=[]), PermissionVO(id=41, pid=40, title=创建管理员, code=admin:add, icon=, type=2, href=, status=null, createTime=Tue Oct 20 13:03:53 CST 2020, weight=1.0, children=[]), PermissionVO(id=42, pid=40, title=删除管理员, code=admin:del, icon=, type=2, href=, status=null, createTime=Tue Oct 20 13:05:06 CST 2020, weight=1.0, children=[]), PermissionVO(id=43, pid=40, title=修改管理员, code=admin:update, icon=, type=2, href=, status=null, createTime=Tue Oct 20 13:05:42 CST 2020, weight=1.0, children=[]), PermissionVO(id=44, pid=40, title=冻结启用, code=admin:status, icon=, type=2, href=, status=null, createTime=Tue Oct 20 13:09:39 CST 2020, weight=1.0, children=[]), PermissionVO(id=45, pid=28, title=删除角色, code=role:del, icon=, type=2, href=, status=null, createTime=Tue Oct 20 13:25:26 CST 2020, weight=1.0, children=[]), PermissionVO(id=59, pid=50, title=添加分类, code=category:add, icon=, type=2, href=, status=null, createTime=Wed Oct 21 13:53:14 CST 2020, weight=1.0, children=[]), PermissionVO(id=60, pid=50, title=删除分类, code=category:del, icon=, type=2, href=, status=null, createTime=Wed Oct 21 13:55:02 CST 2020, weight=1.0, children=[]), PermissionVO(id=61, pid=50, title=修改分类, code=category:update, icon=, type=2, href=, status=null, createTime=Wed Oct 21 14:21:30 CST 2020, weight=1.0, children=[]), PermissionVO(id=63, pid=49, title=删除商品, code=product:del, icon=, type=2, href=, status=null, createTime=Thu Oct 22 22:20:37 CST 2020, weight=1.0, children=[]), PermissionVO(id=66, pid=57, title=删除广告位, code=ad-space:del, icon=, type=2, href=, status=null, createTime=Sun Oct 25 12:02:43 CST 2020, weight=1.0, children=[]), PermissionVO(id=68, pid=57, title=广告管理, code=ad:mgt, icon=, type=2, href=, status=null, createTime=Sun Oct 25 21:09:48 CST 2020, weight=1.0, children=[]), PermissionVO(id=69, pid=68, title=修改广告, code=ad:update, icon=, type=2, href=, status=null, createTime=Sun Oct 25 22:40:39 CST 2020, weight=1.0, children=[]), PermissionVO(id=70, pid=68, title=删除广告, code=ad:del, icon=, type=2, href=, status=null, createTime=Sun Oct 25 22:41:37 CST 2020, weight=1.0, children=[]), PermissionVO(id=72, pid=68, title=发布广告, code=ad:publish, icon=, type=2, href=, status=null, createTime=Tue Oct 27 14:27:37 CST 2020, weight=1.0, children=[]), PermissionVO(id=73, pid=51, title=修改用户, code=user:update, icon=, type=2, href=, status=null, createTime=Wed Oct 28 18:43:37 CST 2020, weight=1.0, children=[]), PermissionVO(id=74, pid=51, title=删除用户, code=user:del, icon=, type=2, href=, status=null, createTime=Wed Oct 28 18:44:12 CST 2020, weight=1.0, children=[]), PermissionVO(id=75, pid=51, title=用户冻结启用, code=user:status, icon=, type=2, href=, status=null, createTime=Sat Oct 31 11:59:36 CST 2020, weight=1.0, children=[])])|69|null
2021-09-08 00:00:13.706 1631030413633RbT /api/user/list  0:0:0:0:0:0:0:1 admin [http-nio-8888-exec-5] INFO  c.j.b.manager.aop.WebLogAspect:39 - UserController.list|[ListUserDTO(super=PageDTO(page=1, limit=15, orderBy=id desc), username=null, email=null, type=null, status=null, minLastLoginTime=null, maxLastLoginTime=null, minRegisterTime=null, maxRegisterTime=null)]|ResultVO(code=0, msg=请求成功, data=PageVO{total=29})|58|null
2021-09-08 00:00:14.681 1631030414641LbB /api/role/list  0:0:0:0:0:0:0:1 admin [http-nio-8888-exec-5] INFO  c.j.b.r.d.m.p.ModelFieldFactory:35 - 反射读取interface com.jun.biz.manager.dao.RoleDao实体类属性
2021-09-08 00:00:14.683 1631030414641LbB /api/role/list  0:0:0:0:0:0:0:1 admin [http-nio-8888-exec-5] INFO  c.j.b.r.d.m.p.ModelFieldFactory:73 - 读取interface com.jun.biz.manager.dao.RoleDao实体类属性结束
2021-09-08 00:00:14.708 1631030414641LbB /api/role/list  0:0:0:0:0:0:0:1 admin [http-nio-8888-exec-5] INFO  c.j.b.manager.aop.WebLogAspect:39 - RoleController.list|[ListRoleDTO(id=null, name=null, description=null, minCreateTime=null, maxCreateTime=null)]|ResultVO(code=0, msg=请求成功, data=PageVO{total=1})|55|null
2021-09-08 00:00:16.194 1631030416146acF /api/admin/list  0:0:0:0:0:0:0:1 admin [http-nio-8888-exec-6] INFO  c.j.b.manager.aop.WebLogAspect:39 - AdminController.list|[ListAdminDTO(super=PageDTO(page=1, limit=15, orderBy=null), username=null, realName=null, minCreateTime=null, maxCreateTime=null, minLastLoginTime=null, maxLastLoginTime=null, status=null)]|ResultVO(code=0, msg=请求成功, data=PageVO{total=2})|31|null
2021-09-08 00:01:11.259      [Thread-6] INFO  o.s.s.c.ThreadPoolTaskExecutor:218 - Shutting down ExecutorService 'applicationTaskExecutor'
2021-09-08 00:01:11.446      [Thread-6] INFO  c.a.druid.pool.DruidDataSource:1823 - {dataSource-1} closed
2021-09-08 00:01:11.975      [restartedMain] INFO  c.j.biz.SpringbootApplication:55 - Starting SpringbootApplication on LAPTOP-2VSI05K7 with PID 11248 (D:\workspace\github\jun_springboot_shiro_layui\jun_springboot_shiro_jwt_layui\jun_biz_manager\target\classes started by Wujun in D:\workspace\github\jun_springboot_shiro_layui\jun_springboot_shiro_jwt_layui\jun_biz_manager)
2021-09-08 00:01:11.976      [restartedMain] INFO  c.j.biz.SpringbootApplication:655 - The following profiles are active: dev
2021-09-08 00:01:12.854      [restartedMain] INFO  o.s.d.r.c.RepositoryConfigurationDelegate:249 - Multiple Spring Data modules found, entering strict repository configuration mode!
2021-09-08 00:01:12.854      [restartedMain] INFO  o.s.d.r.c.RepositoryConfigurationDelegate:127 - Bootstrapping Spring Data Elasticsearch repositories in DEFAULT mode.
2021-09-08 00:01:12.908      [restartedMain] INFO  o.s.d.r.c.RepositoryConfigurationDelegate:187 - Finished Spring Data repository scanning in 53ms. Found 0 Elasticsearch repository interfaces.
2021-09-08 00:01:12.912      [restartedMain] INFO  o.s.d.r.c.RepositoryConfigurationDelegate:249 - Multiple Spring Data modules found, entering strict repository configuration mode!
2021-09-08 00:01:12.913      [restartedMain] INFO  o.s.d.r.c.RepositoryConfigurationDelegate:127 - Bootstrapping Spring Data Reactive Elasticsearch repositories in DEFAULT mode.
2021-09-08 00:01:12.954      [restartedMain] INFO  o.s.d.r.c.RepositoryConfigurationDelegate:187 - Finished Spring Data repository scanning in 40ms. Found 0 Reactive Elasticsearch repository interfaces.
2021-09-08 00:01:12.967      [restartedMain] INFO  o.s.d.r.c.RepositoryConfigurationDelegate:249 - Multiple Spring Data modules found, entering strict repository configuration mode!
2021-09-08 00:01:12.968      [restartedMain] INFO  o.s.d.r.c.RepositoryConfigurationDelegate:127 - Bootstrapping Spring Data Redis repositories in DEFAULT mode.
2021-09-08 00:01:13.012      [restartedMain] INFO  o.s.d.r.c.RepositoryConfigurationDelegate:187 - Finished Spring Data repository scanning in 43ms. Found 0 Redis repository interfaces.
2021-09-08 00:01:13.824      [restartedMain] INFO  o.s.b.w.e.t.TomcatWebServer:108 - Tomcat initialized with port(s): 8888 (http)
2021-09-08 00:01:13.825      [restartedMain] INFO  o.a.c.http11.Http11NioProtocol:173 - Initializing ProtocolHandler ["http-nio-8888"]
2021-09-08 00:01:13.826      [restartedMain] INFO  o.a.c.core.StandardService:173 - Starting service [Tomcat]
2021-09-08 00:01:13.827      [restartedMain] INFO  o.a.c.core.StandardEngine:173 - Starting Servlet engine: [Apache Tomcat/9.0.38]
2021-09-08 00:01:13.865      [restartedMain] INFO  o.a.c.c.C.[.[localhost].[/]:173 - Initializing Spring embedded WebApplicationContext
2021-09-08 00:01:13.866      [restartedMain] INFO  o.s.b.w.s.c.ServletWebServerApplicationContext:285 - Root WebApplicationContext: initialization completed in 1878 ms
2021-09-08 00:01:13.925      [restartedMain] WARN  o.a.c.c.C.[.[localhost].[/]:173 - Cannot deserialize session attribute [Permissions] for session [648226DF99777E1A3996050A1CACAAB3]
2021-09-08 00:01:14.010      [restartedMain] INFO  c.a.d.s.b.a.DruidDataSourceAutoConfigure:56 - Init DruidDataSource
2021-09-08 00:01:14.466      [restartedMain] INFO  c.a.druid.pool.DruidDataSource:928 - {dataSource-2} inited
2021-09-08 00:01:15.228      [restartedMain] WARN  o.s.d.c.CustomConversions:273 - Registering converter from class org.springframework.data.geo.Point to interface java.util.Map as writing converter although it doesn't convert to a store-supported type! You might want to check your annotation setup at the converter implementation.
2021-09-08 00:01:15.229      [restartedMain] WARN  o.s.d.c.CustomConversions:263 - Registering converter from interface java.util.Map to class org.springframework.data.geo.Point as reading converter although it doesn't convert from a store-supported type! You might want to check your annotation setup at the converter implementation.
2021-09-08 00:01:15.242      [restartedMain] WARN  o.s.d.c.CustomConversions:273 - Registering converter from class org.springframework.data.elasticsearch.core.geo.GeoPoint to interface java.util.Map as writing converter although it doesn't convert to a store-supported type! You might want to check your annotation setup at the converter implementation.
2021-09-08 00:01:15.243      [restartedMain] WARN  o.s.d.c.CustomConversions:263 - Registering converter from interface java.util.Map to class org.springframework.data.elasticsearch.core.geo.GeoPoint as reading converter although it doesn't convert from a store-supported type! You might want to check your annotation setup at the converter implementation.
2021-09-08 11:39:07.916      [background-preinit] INFO  o.h.v.internal.util.Version:21 - HV000001: Hibernate Validator 6.1.5.Final
2021-09-08 11:39:07.998      [restartedMain] INFO  c.j.biz.SpringbootApplication:55 - Starting SpringbootApplication on LAPTOP-2VSI05K7 with PID 10840 (D:\workspace\github\jun_springboot_shiro_layui\jun_springboot_shiro_jwt_layui\jun_biz_manager\target\classes started by Wujun in D:\workspace\github\jun_springboot_shiro_layui\jun_springboot_shiro_jwt_layui\jun_biz_manager)
2021-09-08 11:39:08.005      [restartedMain] INFO  c.j.biz.SpringbootApplication:655 - The following profiles are active: dev
2021-09-08 11:39:08.133      [restartedMain] INFO  o.s.b.d.e.DevToolsPropertyDefaultsPostProcessor:225 - Devtools property defaults active! Set 'spring.devtools.add-properties' to 'false' to disable
2021-09-08 11:39:08.134      [restartedMain] INFO  o.s.b.d.e.DevToolsPropertyDefaultsPostProcessor:225 - For additional web related logging consider setting the 'logging.level.web' property to 'DEBUG'
2021-09-08 11:39:10.231      [restartedMain] INFO  o.s.d.r.c.RepositoryConfigurationDelegate:249 - Multiple Spring Data modules found, entering strict repository configuration mode!
2021-09-08 11:39:10.237      [restartedMain] INFO  o.s.d.r.c.RepositoryConfigurationDelegate:127 - Bootstrapping Spring Data Elasticsearch repositories in DEFAULT mode.
2021-09-08 11:39:10.364      [restartedMain] INFO  o.s.d.r.c.RepositoryConfigurationDelegate:187 - Finished Spring Data repository scanning in 117ms. Found 0 Elasticsearch repository interfaces.
2021-09-08 11:39:10.377      [restartedMain] INFO  o.s.d.r.c.RepositoryConfigurationDelegate:249 - Multiple Spring Data modules found, entering strict repository configuration mode!
2021-09-08 11:39:10.380      [restartedMain] INFO  o.s.d.r.c.RepositoryConfigurationDelegate:127 - Bootstrapping Spring Data Reactive Elasticsearch repositories in DEFAULT mode.
2021-09-08 11:39:10.423      [restartedMain] INFO  o.s.d.r.c.RepositoryConfigurationDelegate:187 - Finished Spring Data repository scanning in 41ms. Found 0 Reactive Elasticsearch repository interfaces.
2021-09-08 11:39:10.455      [restartedMain] INFO  o.s.d.r.c.RepositoryConfigurationDelegate:249 - Multiple Spring Data modules found, entering strict repository configuration mode!
2021-09-08 11:39:10.459      [restartedMain] INFO  o.s.d.r.c.RepositoryConfigurationDelegate:127 - Bootstrapping Spring Data Redis repositories in DEFAULT mode.
2021-09-08 11:39:10.527      [restartedMain] INFO  o.s.d.r.c.RepositoryConfigurationDelegate:187 - Finished Spring Data repository scanning in 45ms. Found 0 Redis repository interfaces.
2021-09-08 11:39:13.019      [restartedMain] INFO  o.s.b.w.e.t.TomcatWebServer:108 - Tomcat initialized with port(s): 8888 (http)
2021-09-08 11:39:13.042      [restartedMain] INFO  o.a.c.http11.Http11NioProtocol:173 - Initializing ProtocolHandler ["http-nio-8888"]
2021-09-08 11:39:13.044      [restartedMain] INFO  o.a.c.core.StandardService:173 - Starting service [Tomcat]
2021-09-08 11:39:13.044      [restartedMain] INFO  o.a.c.core.StandardEngine:173 - Starting Servlet engine: [Apache Tomcat/9.0.38]
2021-09-08 11:39:13.196      [restartedMain] INFO  o.a.c.c.C.[.[localhost].[/]:173 - Initializing Spring embedded WebApplicationContext
2021-09-08 11:39:13.197      [restartedMain] INFO  o.s.b.w.s.c.ServletWebServerApplicationContext:285 - Root WebApplicationContext: initialization completed in 5062 ms
2021-09-08 11:39:13.590      [restartedMain] INFO  c.a.d.s.b.a.DruidDataSourceAutoConfigure:56 - Init DruidDataSource
2021-09-08 11:39:18.390      [restartedMain] ERROR c.a.druid.pool.DruidDataSource:870 - init datasource error, url: jdbc:mysql://localhost:3306/test666?useUnicode=true&characterEncoding=utf-8&useSSL=false
com.mysql.jdbc.exceptions.jdbc4.CommunicationsException: Communications link failure

The last packet sent successfully to the server was 0 milliseconds ago. The driver has not received any packets from the server.
	at sun.reflect.NativeConstructorAccessorImpl.newInstance0(Native Method)
	at sun.reflect.NativeConstructorAccessorImpl.newInstance(NativeConstructorAccessorImpl.java:62)
	at sun.reflect.DelegatingConstructorAccessorImpl.newInstance(DelegatingConstructorAccessorImpl.java:45)
	at java.lang.reflect.Constructor.newInstance(Constructor.java:423)
	at com.mysql.jdbc.Util.handleNewInstance(Util.java:425)
	at com.mysql.jdbc.SQLError.createCommunicationsException(SQLError.java:990)
	at com.mysql.jdbc.MysqlIO.<init>(MysqlIO.java:342)
	at com.mysql.jdbc.ConnectionImpl.coreConnect(ConnectionImpl.java:2197)
	at com.mysql.jdbc.ConnectionImpl.connectOneTryOnly(ConnectionImpl.java:2230)
	at com.mysql.jdbc.ConnectionImpl.createNewIO(ConnectionImpl.java:2025)
	at com.mysql.jdbc.ConnectionImpl.<init>(ConnectionImpl.java:778)
	at com.mysql.jdbc.JDBC4Connection.<init>(JDBC4Connection.java:47)
	at sun.reflect.NativeConstructorAccessorImpl.newInstance0(Native Method)
	at sun.reflect.NativeConstructorAccessorImpl.newInstance(NativeConstructorAccessorImpl.java:62)
	at sun.reflect.DelegatingConstructorAccessorImpl.newInstance(DelegatingConstructorAccessorImpl.java:45)
	at java.lang.reflect.Constructor.newInstance(Constructor.java:423)
	at com.mysql.jdbc.Util.handleNewInstance(Util.java:425)
	at com.mysql.jdbc.ConnectionImpl.getInstance(ConnectionImpl.java:386)
	at com.mysql.jdbc.NonRegisteringDriver.connect(NonRegisteringDriver.java:330)
	at com.alibaba.druid.filter.FilterChainImpl.connection_connect(FilterChainImpl.java:149)
	at com.alibaba.druid.filter.stat.StatFilter.connection_connect(StatFilter.java:218)
	at com.alibaba.druid.filter.FilterChainImpl.connection_connect(FilterChainImpl.java:143)
	at com.alibaba.druid.pool.DruidAbstractDataSource.createPhysicalConnection(DruidAbstractDataSource.java:1515)
	at com.alibaba.druid.pool.DruidAbstractDataSource.createPhysicalConnection(DruidAbstractDataSource.java:1578)
	at com.alibaba.druid.pool.DruidDataSource.init(DruidDataSource.java:859)
	at sun.reflect.NativeMethodAccessorImpl.invoke0(Native Method)
	at sun.reflect.NativeMethodAccessorImpl.invoke(NativeMethodAccessorImpl.java:62)
	at sun.reflect.DelegatingMethodAccessorImpl.invoke(DelegatingMethodAccessorImpl.java:43)
	at java.lang.reflect.Method.invoke(Method.java:498)
	at org.springframework.beans.factory.support.AbstractAutowireCapableBeanFactory.invokeCustomInitMethod(AbstractAutowireCapableBeanFactory.java:1920)
	at org.springframework.beans.factory.support.AbstractAutowireCapableBeanFactory.invokeInitMethods(AbstractAutowireCapableBeanFactory.java:1862)
	at org.springframework.beans.factory.support.AbstractAutowireCapableBeanFactory.initializeBean(AbstractAutowireCapableBeanFactory.java:1790)
	at org.springframework.beans.factory.support.AbstractAutowireCapableBeanFactory.doCreateBean(AbstractAutowireCapableBeanFactory.java:594)
	at org.springframework.beans.factory.support.AbstractAutowireCapableBeanFactory.createBean(AbstractAutowireCapableBeanFactory.java:516)
	at org.springframework.beans.factory.support.AbstractBeanFactory.lambda$doGetBean$0(AbstractBeanFactory.java:324)
	at org.springframework.beans.factory.support.DefaultSingletonBeanRegistry.getSingleton(DefaultSingletonBeanRegistry.java:234)
	at org.springframework.beans.factory.support.AbstractBeanFactory.doGetBean(AbstractBeanFactory.java:322)
	at org.springframework.beans.factory.support.AbstractBeanFactory.getBean(AbstractBeanFactory.java:202)
	at org.springframework.beans.factory.config.DependencyDescriptor.resolveCandidate(DependencyDescriptor.java:276)
	at org.springframework.beans.factory.support.DefaultListableBeanFactory.doResolveDependency(DefaultListableBeanFactory.java:1307)
	at org.springframework.beans.factory.support.DefaultListableBeanFactory.resolveDependency(DefaultListableBeanFactory.java:1227)
	at org.springframework.beans.factory.support.ConstructorResolver.resolveAutowiredArgument(ConstructorResolver.java:884)
	at org.springframework.beans.factory.support.ConstructorResolver.createArgumentArray(ConstructorResolver.java:788)
	at org.springframework.beans.factory.support.ConstructorResolver.instantiateUsingFactoryMethod(ConstructorResolver.java:538)
	at org.springframework.beans.factory.support.AbstractAutowireCapableBeanFactory.instantiateUsingFactoryMethod(AbstractAutowireCapableBeanFactory.java:1336)
	at org.springframework.beans.factory.support.AbstractAutowireCapableBeanFactory.createBeanInstance(AbstractAutowireCapableBeanFactory.java:1176)
	at org.springframework.beans.factory.support.AbstractAutowireCapableBeanFactory.doCreateBean(AbstractAutowireCapableBeanFactory.java:556)
	at org.springframework.beans.factory.support.AbstractAutowireCapableBeanFactory.createBean(AbstractAutowireCapableBeanFactory.java:516)
	at org.springframework.beans.factory.support.AbstractBeanFactory.lambda$doGetBean$0(AbstractBeanFactory.java:324)
	at org.springframework.beans.factory.support.DefaultSingletonBeanRegistry.getSingleton(DefaultSingletonBeanRegistry.java:234)
	at org.springframework.beans.factory.support.AbstractBeanFactory.doGetBean(AbstractBeanFactory.java:322)
	at org.springframework.beans.factory.support.AbstractBeanFactory.getBean(AbstractBeanFactory.java:202)
	at org.springframework.beans.factory.config.DependencyDescriptor.resolveCandidate(DependencyDescriptor.java:276)
	at org.springframework.beans.factory.support.DefaultListableBeanFactory.doResolveDependency(DefaultListableBeanFactory.java:1307)
	at org.springframework.beans.factory.support.DefaultListableBeanFactory.resolveDependency(DefaultListableBeanFactory.java:1227)
	at org.springframework.beans.factory.support.AbstractAutowireCapableBeanFactory.autowireByType(AbstractAutowireCapableBeanFactory.java:1509)
	at org.springframework.beans.factory.support.AbstractAutowireCapableBeanFactory.populateBean(AbstractAutowireCapableBeanFactory.java:1404)
	at org.springframework.beans.factory.support.AbstractAutowireCapableBeanFactory.doCreateBean(AbstractAutowireCapableBeanFactory.java:593)
	at org.springframework.beans.factory.support.AbstractAutowireCapableBeanFactory.createBean(AbstractAutowireCapableBeanFactory.java:516)
	at org.springframework.beans.factory.support.AbstractBeanFactory.lambda$doGetBean$0(AbstractBeanFactory.java:324)
	at org.springframework.beans.factory.support.DefaultSingletonBeanRegistry.getSingleton(DefaultSingletonBeanRegistry.java:234)
	at org.springframework.beans.factory.support.AbstractBeanFactory.doGetBean(AbstractBeanFactory.java:322)
	at org.springframework.beans.factory.support.AbstractBeanFactory.getBean(AbstractBeanFactory.java:207)
	at org.springframework.beans.factory.support.AbstractAutowireCapableBeanFactory.resolveBeanByName(AbstractAutowireCapableBeanFactory.java:453)
	at org.springframework.context.annotation.CommonAnnotationBeanPostProcessor.autowireResource(CommonAnnotationBeanPostProcessor.java:527)
	at org.springframework.context.annotation.CommonAnnotationBeanPostProcessor.getResource(CommonAnnotationBeanPostProcessor.java:497)
	at org.springframework.context.annotation.CommonAnnotationBeanPostProcessor$ResourceElement.getResourceToInject(CommonAnnotationBeanPostProcessor.java:650)
	at org.springframework.beans.factory.annotation.InjectionMetadata$InjectedElement.inject(InjectionMetadata.java:239)
	at org.springframework.beans.factory.annotation.InjectionMetadata.inject(InjectionMetadata.java:130)
	at org.springframework.context.annotation.CommonAnnotationBeanPostProcessor.postProcessProperties(CommonAnnotationBeanPostProcessor.java:318)
	at org.springframework.beans.factory.support.AbstractAutowireCapableBeanFactory.populateBean(AbstractAutowireCapableBeanFactory.java:1420)
	at org.springframework.beans.factory.support.AbstractAutowireCapableBeanFactory.doCreateBean(AbstractAutowireCapableBeanFactory.java:593)
	at org.springframework.beans.factory.support.AbstractAutowireCapableBeanFactory.createBean(AbstractAutowireCapableBeanFactory.java:516)
	at org.springframework.beans.factory.support.AbstractBeanFactory.lambda$doGetBean$0(AbstractBeanFactory.java:324)
	at org.springframework.beans.factory.support.DefaultSingletonBeanRegistry.getSingleton(DefaultSingletonBeanRegistry.java:234)
	at org.springframework.beans.factory.support.AbstractBeanFactory.doGetBean(AbstractBeanFactory.java:322)
	at org.springframework.beans.factory.support.AbstractBeanFactory.getBean(AbstractBeanFactory.java:202)
	at org.springframework.beans.factory.config.DependencyDescriptor.resolveCandidate(DependencyDescriptor.java:276)
	at org.springframework.beans.factory.support.DefaultListableBeanFactory.doResolveDependency(DefaultListableBeanFactory.java:1307)
	at org.springframework.beans.factory.support.DefaultListableBeanFactory.resolveDependency(DefaultListableBeanFactory.java:1227)
	at org.springframework.context.annotation.CommonAnnotationBeanPostProcessor.autowireResource(CommonAnnotationBeanPostProcessor.java:521)
	at org.springframework.context.annotation.CommonAnnotationBeanPostProcessor.getResource(CommonAnnotationBeanPostProcessor.java:497)
	at org.springframework.context.annotation.CommonAnnotationBeanPostProcessor$ResourceElement.getResourceToInject(CommonAnnotationBeanPostProcessor.java:650)
	at org.springframework.beans.factory.annotation.InjectionMetadata$InjectedElement.inject(InjectionMetadata.java:239)
	at org.springframework.beans.factory.annotation.InjectionMetadata.inject(InjectionMetadata.java:130)
	at org.springframework.context.annotation.CommonAnnotationBeanPostProcessor.postProcessProperties(CommonAnnotationBeanPostProcessor.java:318)
	at org.springframework.beans.factory.support.AbstractAutowireCapableBeanFactory.populateBean(AbstractAutowireCapableBeanFactory.java:1420)
	at org.springframework.beans.factory.support.AbstractAutowireCapableBeanFactory.doCreateBean(AbstractAutowireCapableBeanFactory.java:593)
	at org.springframework.beans.factory.support.AbstractAutowireCapableBeanFactory.createBean(AbstractAutowireCapableBeanFactory.java:516)
	at org.springframework.beans.factory.support.AbstractBeanFactory.lambda$doGetBean$0(AbstractBeanFactory.java:324)
	at org.springframework.beans.factory.support.DefaultSingletonBeanRegistry.getSingleton(DefaultSingletonBeanRegistry.java:234)
	at org.springframework.beans.factory.support.AbstractBeanFactory.doGetBean(AbstractBeanFactory.java:322)
	at org.springframework.beans.factory.support.AbstractBeanFactory.getBean(AbstractBeanFactory.java:202)
	at org.springframework.beans.factory.support.DefaultListableBeanFactory.preInstantiateSingletons(DefaultListableBeanFactory.java:897)
	at org.springframework.context.support.AbstractApplicationContext.finishBeanFactoryInitialization(AbstractApplicationContext.java:879)
	at org.springframework.context.support.AbstractApplicationContext.refresh(AbstractApplicationContext.java:551)
	at org.springframework.boot.web.servlet.context.ServletWebServerApplicationContext.refresh(ServletWebServerApplicationContext.java:143)
	at org.springframework.boot.SpringApplication.refresh(SpringApplication.java:758)
	at org.springframework.boot.SpringApplication.refresh(SpringApplication.java:750)
	at org.springframework.boot.SpringApplication.refreshContext(SpringApplication.java:397)
	at org.springframework.boot.SpringApplication.run(SpringApplication.java:315)
	at org.springframework.boot.SpringApplication.run(SpringApplication.java:1237)
	at org.springframework.boot.SpringApplication.run(SpringApplication.java:1226)
	at com.jun.biz.SpringbootApplication.main(SpringbootApplication.java:15)
	at sun.reflect.NativeMethodAccessorImpl.invoke0(Native Method)
	at sun.reflect.NativeMethodAccessorImpl.invoke(NativeMethodAccessorImpl.java:62)
	at sun.reflect.DelegatingMethodAccessorImpl.invoke(DelegatingMethodAccessorImpl.java:43)
	at java.lang.reflect.Method.invoke(Method.java:498)
	at org.springframework.boot.devtools.restart.RestartLauncher.run(RestartLauncher.java:49)
Caused by: java.net.ConnectException: Connection refused: connect
	at java.net.DualStackPlainSocketImpl.connect0(Native Method)
	at java.net.DualStackPlainSocketImpl.socketConnect(DualStackPlainSocketImpl.java:79)
	at java.net.AbstractPlainSocketImpl.doConnect(AbstractPlainSocketImpl.java:350)
	at java.net.AbstractPlainSocketImpl.connectToAddress(AbstractPlainSocketImpl.java:206)
	at java.net.AbstractPlainSocketImpl.connect(AbstractPlainSocketImpl.java:188)
	at java.net.PlainSocketImpl.connect(PlainSocketImpl.java:172)
	at java.net.SocksSocketImpl.connect(SocksSocketImpl.java:392)
	at java.net.Socket.connect(Socket.java:589)
	at com.mysql.jdbc.StandardSocketFactory.connect(StandardSocketFactory.java:211)
	at com.mysql.jdbc.MysqlIO.<init>(MysqlIO.java:301)
	... 102 common frames omitted
2021-09-08 11:39:18.427      [restartedMain] ERROR c.a.druid.pool.DruidDataSource:903 - {dataSource-1} init error
com.mysql.jdbc.exceptions.jdbc4.CommunicationsException: Communications link failure

The last packet sent successfully to the server was 0 milliseconds ago. The driver has not received any packets from the server.
	at sun.reflect.NativeConstructorAccessorImpl.newInstance0(Native Method)
	at sun.reflect.NativeConstructorAccessorImpl.newInstance(NativeConstructorAccessorImpl.java:62)
	at sun.reflect.DelegatingConstructorAccessorImpl.newInstance(DelegatingConstructorAccessorImpl.java:45)
	at java.lang.reflect.Constructor.newInstance(Constructor.java:423)
	at com.mysql.jdbc.Util.handleNewInstance(Util.java:425)
	at com.mysql.jdbc.SQLError.createCommunicationsException(SQLError.java:990)
	at com.mysql.jdbc.MysqlIO.<init>(MysqlIO.java:342)
	at com.mysql.jdbc.ConnectionImpl.coreConnect(ConnectionImpl.java:2197)
	at com.mysql.jdbc.ConnectionImpl.connectOneTryOnly(ConnectionImpl.java:2230)
	at com.mysql.jdbc.ConnectionImpl.createNewIO(ConnectionImpl.java:2025)
	at com.mysql.jdbc.ConnectionImpl.<init>(ConnectionImpl.java:778)
	at com.mysql.jdbc.JDBC4Connection.<init>(JDBC4Connection.java:47)
	at sun.reflect.NativeConstructorAccessorImpl.newInstance0(Native Method)
	at sun.reflect.NativeConstructorAccessorImpl.newInstance(NativeConstructorAccessorImpl.java:62)
	at sun.reflect.DelegatingConstructorAccessorImpl.newInstance(DelegatingConstructorAccessorImpl.java:45)
	at java.lang.reflect.Constructor.newInstance(Constructor.java:423)
	at com.mysql.jdbc.Util.handleNewInstance(Util.java:425)
	at com.mysql.jdbc.ConnectionImpl.getInstance(ConnectionImpl.java:386)
	at com.mysql.jdbc.NonRegisteringDriver.connect(NonRegisteringDriver.java:330)
	at com.alibaba.druid.filter.FilterChainImpl.connection_connect(FilterChainImpl.java:149)
	at com.alibaba.druid.filter.stat.StatFilter.connection_connect(StatFilter.java:218)
	at com.alibaba.druid.filter.FilterChainImpl.connection_connect(FilterChainImpl.java:143)
	at com.alibaba.druid.pool.DruidAbstractDataSource.createPhysicalConnection(DruidAbstractDataSource.java:1515)
	at com.alibaba.druid.pool.DruidAbstractDataSource.createPhysicalConnection(DruidAbstractDataSource.java:1578)
	at com.alibaba.druid.pool.DruidDataSource.init(DruidDataSource.java:859)
	at sun.reflect.NativeMethodAccessorImpl.invoke0(Native Method)
	at sun.reflect.NativeMethodAccessorImpl.invoke(NativeMethodAccessorImpl.java:62)
	at sun.reflect.DelegatingMethodAccessorImpl.invoke(DelegatingMethodAccessorImpl.java:43)
	at java.lang.reflect.Method.invoke(Method.java:498)
	at org.springframework.beans.factory.support.AbstractAutowireCapableBeanFactory.invokeCustomInitMethod(AbstractAutowireCapableBeanFactory.java:1920)
	at org.springframework.beans.factory.support.AbstractAutowireCapableBeanFactory.invokeInitMethods(AbstractAutowireCapableBeanFactory.java:1862)
	at org.springframework.beans.factory.support.AbstractAutowireCapableBeanFactory.initializeBean(AbstractAutowireCapableBeanFactory.java:1790)
	at org.springframework.beans.factory.support.AbstractAutowireCapableBeanFactory.doCreateBean(AbstractAutowireCapableBeanFactory.java:594)
	at org.springframework.beans.factory.support.AbstractAutowireCapableBeanFactory.createBean(AbstractAutowireCapableBeanFactory.java:516)
	at org.springframework.beans.factory.support.AbstractBeanFactory.lambda$doGetBean$0(AbstractBeanFactory.java:324)
	at org.springframework.beans.factory.support.DefaultSingletonBeanRegistry.getSingleton(DefaultSingletonBeanRegistry.java:234)
	at org.springframework.beans.factory.support.AbstractBeanFactory.doGetBean(AbstractBeanFactory.java:322)
	at org.springframework.beans.factory.support.AbstractBeanFactory.getBean(AbstractBeanFactory.java:202)
	at org.springframework.beans.factory.config.DependencyDescriptor.resolveCandidate(DependencyDescriptor.java:276)
	at org.springframework.beans.factory.support.DefaultListableBeanFactory.doResolveDependency(DefaultListableBeanFactory.java:1307)
	at org.springframework.beans.factory.support.DefaultListableBeanFactory.resolveDependency(DefaultListableBeanFactory.java:1227)
	at org.springframework.beans.factory.support.ConstructorResolver.resolveAutowiredArgument(ConstructorResolver.java:884)
	at org.springframework.beans.factory.support.ConstructorResolver.createArgumentArray(ConstructorResolver.java:788)
	at org.springframework.beans.factory.support.ConstructorResolver.instantiateUsingFactoryMethod(ConstructorResolver.java:538)
	at org.springframework.beans.factory.support.AbstractAutowireCapableBeanFactory.instantiateUsingFactoryMethod(AbstractAutowireCapableBeanFactory.java:1336)
	at org.springframework.beans.factory.support.AbstractAutowireCapableBeanFactory.createBeanInstance(AbstractAutowireCapableBeanFactory.java:1176)
	at org.springframework.beans.factory.support.AbstractAutowireCapableBeanFactory.doCreateBean(AbstractAutowireCapableBeanFactory.java:556)
	at org.springframework.beans.factory.support.AbstractAutowireCapableBeanFactory.createBean(AbstractAutowireCapableBeanFactory.java:516)
	at org.springframework.beans.factory.support.AbstractBeanFactory.lambda$doGetBean$0(AbstractBeanFactory.java:324)
	at org.springframework.beans.factory.support.DefaultSingletonBeanRegistry.getSingleton(DefaultSingletonBeanRegistry.java:234)
	at org.springframework.beans.factory.support.AbstractBeanFactory.doGetBean(AbstractBeanFactory.java:322)
	at org.springframework.beans.factory.support.AbstractBeanFactory.getBean(AbstractBeanFactory.java:202)
	at org.springframework.beans.factory.config.DependencyDescriptor.resolveCandidate(DependencyDescriptor.java:276)
	at org.springframework.beans.factory.support.DefaultListableBeanFactory.doResolveDependency(DefaultListableBeanFactory.java:1307)
	at org.springframework.beans.factory.support.DefaultListableBeanFactory.resolveDependency(DefaultListableBeanFactory.java:1227)
	at org.springframework.beans.factory.support.AbstractAutowireCapableBeanFactory.autowireByType(AbstractAutowireCapableBeanFactory.java:1509)
	at org.springframework.beans.factory.support.AbstractAutowireCapableBeanFactory.populateBean(AbstractAutowireCapableBeanFactory.java:1404)
	at org.springframework.beans.factory.support.AbstractAutowireCapableBeanFactory.doCreateBean(AbstractAutowireCapableBeanFactory.java:593)
	at org.springframework.beans.factory.support.AbstractAutowireCapableBeanFactory.createBean(AbstractAutowireCapableBeanFactory.java:516)
	at org.springframework.beans.factory.support.AbstractBeanFactory.lambda$doGetBean$0(AbstractBeanFactory.java:324)
	at org.springframework.beans.factory.support.DefaultSingletonBeanRegistry.getSingleton(DefaultSingletonBeanRegistry.java:234)
	at org.springframework.beans.factory.support.AbstractBeanFactory.doGetBean(AbstractBeanFactory.java:322)
	at org.springframework.beans.factory.support.AbstractBeanFactory.getBean(AbstractBeanFactory.java:207)
	at org.springframework.beans.factory.support.AbstractAutowireCapableBeanFactory.resolveBeanByName(AbstractAutowireCapableBeanFactory.java:453)
	at org.springframework.context.annotation.CommonAnnotationBeanPostProcessor.autowireResource(CommonAnnotationBeanPostProcessor.java:527)
	at org.springframework.context.annotation.CommonAnnotationBeanPostProcessor.getResource(CommonAnnotationBeanPostProcessor.java:497)
	at org.springframework.context.annotation.CommonAnnotationBeanPostProcessor$ResourceElement.getResourceToInject(CommonAnnotationBeanPostProcessor.java:650)
	at org.springframework.beans.factory.annotation.InjectionMetadata$InjectedElement.inject(InjectionMetadata.java:239)
	at org.springframework.beans.factory.annotation.InjectionMetadata.inject(InjectionMetadata.java:130)
	at org.springframework.context.annotation.CommonAnnotationBeanPostProcessor.postProcessProperties(CommonAnnotationBeanPostProcessor.java:318)
	at org.springframework.beans.factory.support.AbstractAutowireCapableBeanFactory.populateBean(AbstractAutowireCapableBeanFactory.java:1420)
	at org.springframework.beans.factory.support.AbstractAutowireCapableBeanFactory.doCreateBean(AbstractAutowireCapableBeanFactory.java:593)
	at org.springframework.beans.factory.support.AbstractAutowireCapableBeanFactory.createBean(AbstractAutowireCapableBeanFactory.java:516)
	at org.springframework.beans.factory.support.AbstractBeanFactory.lambda$doGetBean$0(AbstractBeanFactory.java:324)
	at org.springframework.beans.factory.support.DefaultSingletonBeanRegistry.getSingleton(DefaultSingletonBeanRegistry.java:234)
	at org.springframework.beans.factory.support.AbstractBeanFactory.doGetBean(AbstractBeanFactory.java:322)
	at org.springframework.beans.factory.support.AbstractBeanFactory.getBean(AbstractBeanFactory.java:202)
	at org.springframework.beans.factory.config.DependencyDescriptor.resolveCandidate(DependencyDescriptor.java:276)
	at org.springframework.beans.factory.support.DefaultListableBeanFactory.doResolveDependency(DefaultListableBeanFactory.java:1307)
	at org.springframework.beans.factory.support.DefaultListableBeanFactory.resolveDependency(DefaultListableBeanFactory.java:1227)
	at org.springframework.context.annotation.CommonAnnotationBeanPostProcessor.autowireResource(CommonAnnotationBeanPostProcessor.java:521)
	at org.springframework.context.annotation.CommonAnnotationBeanPostProcessor.getResource(CommonAnnotationBeanPostProcessor.java:497)
	at org.springframework.context.annotation.CommonAnnotationBeanPostProcessor$ResourceElement.getResourceToInject(CommonAnnotationBeanPostProcessor.java:650)
	at org.springframework.beans.factory.annotation.InjectionMetadata$InjectedElement.inject(InjectionMetadata.java:239)
	at org.springframework.beans.factory.annotation.InjectionMetadata.inject(InjectionMetadata.java:130)
	at org.springframework.context.annotation.CommonAnnotationBeanPostProcessor.postProcessProperties(CommonAnnotationBeanPostProcessor.java:318)
	at org.springframework.beans.factory.support.AbstractAutowireCapableBeanFactory.populateBean(AbstractAutowireCapableBeanFactory.java:1420)
	at org.springframework.beans.factory.support.AbstractAutowireCapableBeanFactory.doCreateBean(AbstractAutowireCapableBeanFactory.java:593)
	at org.springframework.beans.factory.support.AbstractAutowireCapableBeanFactory.createBean(AbstractAutowireCapableBeanFactory.java:516)
	at org.springframework.beans.factory.support.AbstractBeanFactory.lambda$doGetBean$0(AbstractBeanFactory.java:324)
	at org.springframework.beans.factory.support.DefaultSingletonBeanRegistry.getSingleton(DefaultSingletonBeanRegistry.java:234)
	at org.springframework.beans.factory.support.AbstractBeanFactory.doGetBean(AbstractBeanFactory.java:322)
	at org.springframework.beans.factory.support.AbstractBeanFactory.getBean(AbstractBeanFactory.java:202)
	at org.springframework.beans.factory.support.DefaultListableBeanFactory.preInstantiateSingletons(DefaultListableBeanFactory.java:897)
	at org.springframework.context.support.AbstractApplicationContext.finishBeanFactoryInitialization(AbstractApplicationContext.java:879)
	at org.springframework.context.support.AbstractApplicationContext.refresh(AbstractApplicationContext.java:551)
	at org.springframework.boot.web.servlet.context.ServletWebServerApplicationContext.refresh(ServletWebServerApplicationContext.java:143)
	at org.springframework.boot.SpringApplication.refresh(SpringApplication.java:758)
	at org.springframework.boot.SpringApplication.refresh(SpringApplication.java:750)
	at org.springframework.boot.SpringApplication.refreshContext(SpringApplication.java:397)
	at org.springframework.boot.SpringApplication.run(SpringApplication.java:315)
	at org.springframework.boot.SpringApplication.run(SpringApplication.java:1237)
	at org.springframework.boot.SpringApplication.run(SpringApplication.java:1226)
	at com.jun.biz.SpringbootApplication.main(SpringbootApplication.java:15)
	at sun.reflect.NativeMethodAccessorImpl.invoke0(Native Method)
	at sun.reflect.NativeMethodAccessorImpl.invoke(NativeMethodAccessorImpl.java:62)
	at sun.reflect.DelegatingMethodAccessorImpl.invoke(DelegatingMethodAccessorImpl.java:43)
	at java.lang.reflect.Method.invoke(Method.java:498)
	at org.springframework.boot.devtools.restart.RestartLauncher.run(RestartLauncher.java:49)
Caused by: java.net.ConnectException: Connection refused: connect
	at java.net.DualStackPlainSocketImpl.connect0(Native Method)
	at java.net.DualStackPlainSocketImpl.socketConnect(DualStackPlainSocketImpl.java:79)
	at java.net.AbstractPlainSocketImpl.doConnect(AbstractPlainSocketImpl.java:350)
	at java.net.AbstractPlainSocketImpl.connectToAddress(AbstractPlainSocketImpl.java:206)
	at java.net.AbstractPlainSocketImpl.connect(AbstractPlainSocketImpl.java:188)
	at java.net.PlainSocketImpl.connect(PlainSocketImpl.java:172)
	at java.net.SocksSocketImpl.connect(SocksSocketImpl.java:392)
	at java.net.Socket.connect(Socket.java:589)
	at com.mysql.jdbc.StandardSocketFactory.connect(StandardSocketFactory.java:211)
	at com.mysql.jdbc.MysqlIO.<init>(MysqlIO.java:301)
	... 102 common frames omitted
2021-09-08 11:39:18.434      [restartedMain] INFO  c.a.druid.pool.DruidDataSource:928 - {dataSource-1} inited
2021-09-08 11:39:18.439      [restartedMain] WARN  o.s.b.w.s.c.AnnotationConfigServletWebServerApplicationContext:559 - Exception encountered during context initialization - cancelling refresh attempt: org.springframework.beans.factory.BeanCreationException: Error creating bean with name 'adItemController': Injection of resource dependencies failed; nested exception is org.springframework.beans.factory.BeanCreationException: Error creating bean with name 'adItemServiceImpl': Injection of resource dependencies failed; nested exception is org.springframework.beans.factory.UnsatisfiedDependencyException: Error creating bean with name 'adItemDao' defined in file [D:\workspace\github\jun_springboot_shiro_layui\jun_springboot_shiro_jwt_layui\jun_biz_manager\target\classes\com\jun\biz\manager\dao\AdItemDao.class]: Unsatisfied dependency expressed through bean property 'sqlSessionFactory'; nested exception is org.springframework.beans.factory.UnsatisfiedDependencyException: Error creating bean with name 'sqlSessionFactory' defined in class path resource [org/mybatis/spring/boot/autoconfigure/MybatisAutoConfiguration.class]: Unsatisfied dependency expressed through method 'sqlSessionFactory' parameter 0; nested exception is org.springframework.beans.factory.BeanCreationException: Error creating bean with name 'dataSource' defined in class path resource [com/alibaba/druid/spring/boot/autoconfigure/DruidDataSourceAutoConfigure.class]: Invocation of init method failed; nested exception is com.mysql.jdbc.exceptions.jdbc4.CommunicationsException: Communications link failure

The last packet sent successfully to the server was 0 milliseconds ago. The driver has not received any packets from the server.
2021-09-08 11:39:18.450      [restartedMain] INFO  o.a.c.core.StandardService:173 - Stopping service [Tomcat]
2021-09-08 11:39:18.497      [restartedMain] INFO  o.s.b.a.l.ConditionEvaluationReportLoggingListener:136 - 

Error starting ApplicationContext. To display the conditions report re-run your application with 'debug' enabled.
2021-09-08 11:39:18.503      [restartedMain] ERROR o.s.boot.SpringApplication:837 - Application run failed
org.springframework.beans.factory.BeanCreationException: Error creating bean with name 'adItemController': Injection of resource dependencies failed; nested exception is org.springframework.beans.factory.BeanCreationException: Error creating bean with name 'adItemServiceImpl': Injection of resource dependencies failed; nested exception is org.springframework.beans.factory.UnsatisfiedDependencyException: Error creating bean with name 'adItemDao' defined in file [D:\workspace\github\jun_springboot_shiro_layui\jun_springboot_shiro_jwt_layui\jun_biz_manager\target\classes\com\jun\biz\manager\dao\AdItemDao.class]: Unsatisfied dependency expressed through bean property 'sqlSessionFactory'; nested exception is org.springframework.beans.factory.UnsatisfiedDependencyException: Error creating bean with name 'sqlSessionFactory' defined in class path resource [org/mybatis/spring/boot/autoconfigure/MybatisAutoConfiguration.class]: Unsatisfied dependency expressed through method 'sqlSessionFactory' parameter 0; nested exception is org.springframework.beans.factory.BeanCreationException: Error creating bean with name 'dataSource' defined in class path resource [com/alibaba/druid/spring/boot/autoconfigure/DruidDataSourceAutoConfigure.class]: Invocation of init method failed; nested exception is com.mysql.jdbc.exceptions.jdbc4.CommunicationsException: Communications link failure

The last packet sent successfully to the server was 0 milliseconds ago. The driver has not received any packets from the server.
	at org.springframework.context.annotation.CommonAnnotationBeanPostProcessor.postProcessProperties(CommonAnnotationBeanPostProcessor.java:321)
	at org.springframework.beans.factory.support.AbstractAutowireCapableBeanFactory.populateBean(AbstractAutowireCapableBeanFactory.java:1420)
	at org.springframework.beans.factory.support.AbstractAutowireCapableBeanFactory.doCreateBean(AbstractAutowireCapableBeanFactory.java:593)
	at org.springframework.beans.factory.support.AbstractAutowireCapableBeanFactory.createBean(AbstractAutowireCapableBeanFactory.java:516)
	at org.springframework.beans.factory.support.AbstractBeanFactory.lambda$doGetBean$0(AbstractBeanFactory.java:324)
	at org.springframework.beans.factory.support.DefaultSingletonBeanRegistry.getSingleton(DefaultSingletonBeanRegistry.java:234)
	at org.springframework.beans.factory.support.AbstractBeanFactory.doGetBean(AbstractBeanFactory.java:322)
	at org.springframework.beans.factory.support.AbstractBeanFactory.getBean(AbstractBeanFactory.java:202)
	at org.springframework.beans.factory.support.DefaultListableBeanFactory.preInstantiateSingletons(DefaultListableBeanFactory.java:897)
	at org.springframework.context.support.AbstractApplicationContext.finishBeanFactoryInitialization(AbstractApplicationContext.java:879)
	at org.springframework.context.support.AbstractApplicationContext.refresh(AbstractApplicationContext.java:551)
	at org.springframework.boot.web.servlet.context.ServletWebServerApplicationContext.refresh(ServletWebServerApplicationContext.java:143)
	at org.springframework.boot.SpringApplication.refresh(SpringApplication.java:758)
	at org.springframework.boot.SpringApplication.refresh(SpringApplication.java:750)
	at org.springframework.boot.SpringApplication.refreshContext(SpringApplication.java:397)
	at org.springframework.boot.SpringApplication.run(SpringApplication.java:315)
	at org.springframework.boot.SpringApplication.run(SpringApplication.java:1237)
	at org.springframework.boot.SpringApplication.run(SpringApplication.java:1226)
	at com.jun.biz.SpringbootApplication.main(SpringbootApplication.java:15)
	at sun.reflect.NativeMethodAccessorImpl.invoke0(Native Method)
	at sun.reflect.NativeMethodAccessorImpl.invoke(NativeMethodAccessorImpl.java:62)
	at sun.reflect.DelegatingMethodAccessorImpl.invoke(DelegatingMethodAccessorImpl.java:43)
	at java.lang.reflect.Method.invoke(Method.java:498)
	at org.springframework.boot.devtools.restart.RestartLauncher.run(RestartLauncher.java:49)
Caused by: org.springframework.beans.factory.BeanCreationException: Error creating bean with name 'adItemServiceImpl': Injection of resource dependencies failed; nested exception is org.springframework.beans.factory.UnsatisfiedDependencyException: Error creating bean with name 'adItemDao' defined in file [D:\workspace\github\jun_springboot_shiro_layui\jun_springboot_shiro_jwt_layui\jun_biz_manager\target\classes\com\jun\biz\manager\dao\AdItemDao.class]: Unsatisfied dependency expressed through bean property 'sqlSessionFactory'; nested exception is org.springframework.beans.factory.UnsatisfiedDependencyException: Error creating bean with name 'sqlSessionFactory' defined in class path resource [org/mybatis/spring/boot/autoconfigure/MybatisAutoConfiguration.class]: Unsatisfied dependency expressed through method 'sqlSessionFactory' parameter 0; nested exception is org.springframework.beans.factory.BeanCreationException: Error creating bean with name 'dataSource' defined in class path resource [com/alibaba/druid/spring/boot/autoconfigure/DruidDataSourceAutoConfigure.class]: Invocation of init method failed; nested exception is com.mysql.jdbc.exceptions.jdbc4.CommunicationsException: Communications link failure

The last packet sent successfully to the server was 0 milliseconds ago. The driver has not received any packets from the server.
	at org.springframework.context.annotation.CommonAnnotationBeanPostProcessor.postProcessProperties(CommonAnnotationBeanPostProcessor.java:321)
	at org.springframework.beans.factory.support.AbstractAutowireCapableBeanFactory.populateBean(AbstractAutowireCapableBeanFactory.java:1420)
	at org.springframework.beans.factory.support.AbstractAutowireCapableBeanFactory.doCreateBean(AbstractAutowireCapableBeanFactory.java:593)
	at org.springframework.beans.factory.support.AbstractAutowireCapableBeanFactory.createBean(AbstractAutowireCapableBeanFactory.java:516)
	at org.springframework.beans.factory.support.AbstractBeanFactory.lambda$doGetBean$0(AbstractBeanFactory.java:324)
	at org.springframework.beans.factory.support.DefaultSingletonBeanRegistry.getSingleton(DefaultSingletonBeanRegistry.java:234)
	at org.springframework.beans.factory.support.AbstractBeanFactory.doGetBean(AbstractBeanFactory.java:322)
	at org.springframework.beans.factory.support.AbstractBeanFactory.getBean(AbstractBeanFactory.java:202)
	at org.springframework.beans.factory.config.DependencyDescriptor.resolveCandidate(DependencyDescriptor.java:276)
	at org.springframework.beans.factory.support.DefaultListableBeanFactory.doResolveDependency(DefaultListableBeanFactory.java:1307)
	at org.springframework.beans.factory.support.DefaultListableBeanFactory.resolveDependency(DefaultListableBeanFactory.java:1227)
	at org.springframework.context.annotation.CommonAnnotationBeanPostProcessor.autowireResource(CommonAnnotationBeanPostProcessor.java:521)
	at org.springframework.context.annotation.CommonAnnotationBeanPostProcessor.getResource(CommonAnnotationBeanPostProcessor.java:497)
	at org.springframework.context.annotation.CommonAnnotationBeanPostProcessor$ResourceElement.getResourceToInject(CommonAnnotationBeanPostProcessor.java:650)
	at org.springframework.beans.factory.annotation.InjectionMetadata$InjectedElement.inject(InjectionMetadata.java:239)
	at org.springframework.beans.factory.annotation.InjectionMetadata.inject(InjectionMetadata.java:130)
	at org.springframework.context.annotation.CommonAnnotationBeanPostProcessor.postProcessProperties(CommonAnnotationBeanPostProcessor.java:318)
	... 23 common frames omitted
Caused by: org.springframework.beans.factory.UnsatisfiedDependencyException: Error creating bean with name 'adItemDao' defined in file [D:\workspace\github\jun_springboot_shiro_layui\jun_springboot_shiro_jwt_layui\jun_biz_manager\target\classes\com\jun\biz\manager\dao\AdItemDao.class]: Unsatisfied dependency expressed through bean property 'sqlSessionFactory'; nested exception is org.springframework.beans.factory.UnsatisfiedDependencyException: Error creating bean with name 'sqlSessionFactory' defined in class path resource [org/mybatis/spring/boot/autoconfigure/MybatisAutoConfiguration.class]: Unsatisfied dependency expressed through method 'sqlSessionFactory' parameter 0; nested exception is org.springframework.beans.factory.BeanCreationException: Error creating bean with name 'dataSource' defined in class path resource [com/alibaba/druid/spring/boot/autoconfigure/DruidDataSourceAutoConfigure.class]: Invocation of init method failed; nested exception is com.mysql.jdbc.exceptions.jdbc4.CommunicationsException: Communications link failure

The last packet sent successfully to the server was 0 milliseconds ago. The driver has not received any packets from the server.
	at org.springframework.beans.factory.support.AbstractAutowireCapableBeanFactory.autowireByType(AbstractAutowireCapableBeanFactory.java:1524)
	at org.springframework.beans.factory.support.AbstractAutowireCapableBeanFactory.populateBean(AbstractAutowireCapableBeanFactory.java:1404)
	at org.springframework.beans.factory.support.AbstractAutowireCapableBeanFactory.doCreateBean(AbstractAutowireCapableBeanFactory.java:593)
	at org.springframework.beans.factory.support.AbstractAutowireCapableBeanFactory.createBean(AbstractAutowireCapableBeanFactory.java:516)
	at org.springframework.beans.factory.support.AbstractBeanFactory.lambda$doGetBean$0(AbstractBeanFactory.java:324)
	at org.springframework.beans.factory.support.DefaultSingletonBeanRegistry.getSingleton(DefaultSingletonBeanRegistry.java:234)
	at org.springframework.beans.factory.support.AbstractBeanFactory.doGetBean(AbstractBeanFactory.java:322)
	at org.springframework.beans.factory.support.AbstractBeanFactory.getBean(AbstractBeanFactory.java:207)
	at org.springframework.beans.factory.support.AbstractAutowireCapableBeanFactory.resolveBeanByName(AbstractAutowireCapableBeanFactory.java:453)
	at org.springframework.context.annotation.CommonAnnotationBeanPostProcessor.autowireResource(CommonAnnotationBeanPostProcessor.java:527)
	at org.springframework.context.annotation.CommonAnnotationBeanPostProcessor.getResource(CommonAnnotationBeanPostProcessor.java:497)
	at org.springframework.context.annotation.CommonAnnotationBeanPostProcessor$ResourceElement.getResourceToInject(CommonAnnotationBeanPostProcessor.java:650)
	at org.springframework.beans.factory.annotation.InjectionMetadata$InjectedElement.inject(InjectionMetadata.java:239)
	at org.springframework.beans.factory.annotation.InjectionMetadata.inject(InjectionMetadata.java:130)
	at org.springframework.context.annotation.CommonAnnotationBeanPostProcessor.postProcessProperties(CommonAnnotationBeanPostProcessor.java:318)
	... 39 common frames omitted
Caused by: org.springframework.beans.factory.UnsatisfiedDependencyException: Error creating bean with name 'sqlSessionFactory' defined in class path resource [org/mybatis/spring/boot/autoconfigure/MybatisAutoConfiguration.class]: Unsatisfied dependency expressed through method 'sqlSessionFactory' parameter 0; nested exception is org.springframework.beans.factory.BeanCreationException: Error creating bean with name 'dataSource' defined in class path resource [com/alibaba/druid/spring/boot/autoconfigure/DruidDataSourceAutoConfigure.class]: Invocation of init method failed; nested exception is com.mysql.jdbc.exceptions.jdbc4.CommunicationsException: Communications link failure

The last packet sent successfully to the server was 0 milliseconds ago. The driver has not received any packets from the server.
	at org.springframework.beans.factory.support.ConstructorResolver.createArgumentArray(ConstructorResolver.java:797)
	at org.springframework.beans.factory.support.ConstructorResolver.instantiateUsingFactoryMethod(ConstructorResolver.java:538)
	at org.springframework.beans.factory.support.AbstractAutowireCapableBeanFactory.instantiateUsingFactoryMethod(AbstractAutowireCapableBeanFactory.java:1336)
	at org.springframework.beans.factory.support.AbstractAutowireCapableBeanFactory.createBeanInstance(AbstractAutowireCapableBeanFactory.java:1176)
	at org.springframework.beans.factory.support.AbstractAutowireCapableBeanFactory.doCreateBean(AbstractAutowireCapableBeanFactory.java:556)
	at org.springframework.beans.factory.support.AbstractAutowireCapableBeanFactory.createBean(AbstractAutowireCapableBeanFactory.java:516)
	at org.springframework.beans.factory.support.AbstractBeanFactory.lambda$doGetBean$0(AbstractBeanFactory.java:324)
	at org.springframework.beans.factory.support.DefaultSingletonBeanRegistry.getSingleton(DefaultSingletonBeanRegistry.java:234)
	at org.springframework.beans.factory.support.AbstractBeanFactory.doGetBean(AbstractBeanFactory.java:322)
	at org.springframework.beans.factory.support.AbstractBeanFactory.getBean(AbstractBeanFactory.java:202)
	at org.springframework.beans.factory.config.DependencyDescriptor.resolveCandidate(DependencyDescriptor.java:276)
	at org.springframework.beans.factory.support.DefaultListableBeanFactory.doResolveDependency(DefaultListableBeanFactory.java:1307)
	at org.springframework.beans.factory.support.DefaultListableBeanFactory.resolveDependency(DefaultListableBeanFactory.java:1227)
	at org.springframework.beans.factory.support.AbstractAutowireCapableBeanFactory.autowireByType(AbstractAutowireCapableBeanFactory.java:1509)
	... 53 common frames omitted
Caused by: org.springframework.beans.factory.BeanCreationException: Error creating bean with name 'dataSource' defined in class path resource [com/alibaba/druid/spring/boot/autoconfigure/DruidDataSourceAutoConfigure.class]: Invocation of init method failed; nested exception is com.mysql.jdbc.exceptions.jdbc4.CommunicationsException: Communications link failure

The last packet sent successfully to the server was 0 milliseconds ago. The driver has not received any packets from the server.
	at org.springframework.beans.factory.support.AbstractAutowireCapableBeanFactory.initializeBean(AbstractAutowireCapableBeanFactory.java:1794)
	at org.springframework.beans.factory.support.AbstractAutowireCapableBeanFactory.doCreateBean(AbstractAutowireCapableBeanFactory.java:594)
	at org.springframework.beans.factory.support.AbstractAutowireCapableBeanFactory.createBean(AbstractAutowireCapableBeanFactory.java:516)
	at org.springframework.beans.factory.support.AbstractBeanFactory.lambda$doGetBean$0(AbstractBeanFactory.java:324)
	at org.springframework.beans.factory.support.DefaultSingletonBeanRegistry.getSingleton(DefaultSingletonBeanRegistry.java:234)
	at org.springframework.beans.factory.support.AbstractBeanFactory.doGetBean(AbstractBeanFactory.java:322)
	at org.springframework.beans.factory.support.AbstractBeanFactory.getBean(AbstractBeanFactory.java:202)
	at org.springframework.beans.factory.config.DependencyDescriptor.resolveCandidate(DependencyDescriptor.java:276)
	at org.springframework.beans.factory.support.DefaultListableBeanFactory.doResolveDependency(DefaultListableBeanFactory.java:1307)
	at org.springframework.beans.factory.support.DefaultListableBeanFactory.resolveDependency(DefaultListableBeanFactory.java:1227)
	at org.springframework.beans.factory.support.ConstructorResolver.resolveAutowiredArgument(ConstructorResolver.java:884)
	at org.springframework.beans.factory.support.ConstructorResolver.createArgumentArray(ConstructorResolver.java:788)
	... 66 common frames omitted
Caused by: com.mysql.jdbc.exceptions.jdbc4.CommunicationsException: Communications link failure

The last packet sent successfully to the server was 0 milliseconds ago. The driver has not received any packets from the server.
	at sun.reflect.NativeConstructorAccessorImpl.newInstance0(Native Method)
	at sun.reflect.NativeConstructorAccessorImpl.newInstance(NativeConstructorAccessorImpl.java:62)
	at sun.reflect.DelegatingConstructorAccessorImpl.newInstance(DelegatingConstructorAccessorImpl.java:45)
	at java.lang.reflect.Constructor.newInstance(Constructor.java:423)
	at com.mysql.jdbc.Util.handleNewInstance(Util.java:425)
	at com.mysql.jdbc.SQLError.createCommunicationsException(SQLError.java:990)
	at com.mysql.jdbc.MysqlIO.<init>(MysqlIO.java:342)
	at com.mysql.jdbc.ConnectionImpl.coreConnect(ConnectionImpl.java:2197)
	at com.mysql.jdbc.ConnectionImpl.connectOneTryOnly(ConnectionImpl.java:2230)
	at com.mysql.jdbc.ConnectionImpl.createNewIO(ConnectionImpl.java:2025)
	at com.mysql.jdbc.ConnectionImpl.<init>(ConnectionImpl.java:778)
	at com.mysql.jdbc.JDBC4Connection.<init>(JDBC4Connection.java:47)
	at sun.reflect.NativeConstructorAccessorImpl.newInstance0(Native Method)
	at sun.reflect.NativeConstructorAccessorImpl.newInstance(NativeConstructorAccessorImpl.java:62)
	at sun.reflect.DelegatingConstructorAccessorImpl.newInstance(DelegatingConstructorAccessorImpl.java:45)
	at java.lang.reflect.Constructor.newInstance(Constructor.java:423)
	at com.mysql.jdbc.Util.handleNewInstance(Util.java:425)
	at com.mysql.jdbc.ConnectionImpl.getInstance(ConnectionImpl.java:386)
	at com.mysql.jdbc.NonRegisteringDriver.connect(NonRegisteringDriver.java:330)
	at com.alibaba.druid.filter.FilterChainImpl.connection_connect(FilterChainImpl.java:149)
	at com.alibaba.druid.filter.stat.StatFilter.connection_connect(StatFilter.java:218)
	at com.alibaba.druid.filter.FilterChainImpl.connection_connect(FilterChainImpl.java:143)
	at com.alibaba.druid.pool.DruidAbstractDataSource.createPhysicalConnection(DruidAbstractDataSource.java:1515)
	at com.alibaba.druid.pool.DruidAbstractDataSource.createPhysicalConnection(DruidAbstractDataSource.java:1578)
	at com.alibaba.druid.pool.DruidDataSource.init(DruidDataSource.java:859)
	at sun.reflect.NativeMethodAccessorImpl.invoke0(Native Method)
	at sun.reflect.NativeMethodAccessorImpl.invoke(NativeMethodAccessorImpl.java:62)
	at sun.reflect.DelegatingMethodAccessorImpl.invoke(DelegatingMethodAccessorImpl.java:43)
	at java.lang.reflect.Method.invoke(Method.java:498)
	at org.springframework.beans.factory.support.AbstractAutowireCapableBeanFactory.invokeCustomInitMethod(AbstractAutowireCapableBeanFactory.java:1920)
	at org.springframework.beans.factory.support.AbstractAutowireCapableBeanFactory.invokeInitMethods(AbstractAutowireCapableBeanFactory.java:1862)
	at org.springframework.beans.factory.support.AbstractAutowireCapableBeanFactory.initializeBean(AbstractAutowireCapableBeanFactory.java:1790)
	... 77 common frames omitted
Caused by: java.net.ConnectException: Connection refused: connect
	at java.net.DualStackPlainSocketImpl.connect0(Native Method)
	at java.net.DualStackPlainSocketImpl.socketConnect(DualStackPlainSocketImpl.java:79)
	at java.net.AbstractPlainSocketImpl.doConnect(AbstractPlainSocketImpl.java:350)
	at java.net.AbstractPlainSocketImpl.connectToAddress(AbstractPlainSocketImpl.java:206)
	at java.net.AbstractPlainSocketImpl.connect(AbstractPlainSocketImpl.java:188)
	at java.net.PlainSocketImpl.connect(PlainSocketImpl.java:172)
	at java.net.SocksSocketImpl.connect(SocksSocketImpl.java:392)
	at java.net.Socket.connect(Socket.java:589)
	at com.mysql.jdbc.StandardSocketFactory.connect(StandardSocketFactory.java:211)
	at com.mysql.jdbc.MysqlIO.<init>(MysqlIO.java:301)
	... 102 common frames omitted
2021-09-08 11:39:56.776      [background-preinit] INFO  o.h.v.internal.util.Version:21 - HV000001: Hibernate Validator 6.1.5.Final
2021-09-08 11:39:56.859      [restartedMain] INFO  c.j.biz.SpringbootApplication:55 - Starting SpringbootApplication on LAPTOP-2VSI05K7 with PID 14040 (D:\workspace\github\jun_springboot_shiro_layui\jun_springboot_shiro_jwt_layui\jun_biz_manager\target\classes started by Wujun in D:\workspace\github\jun_springboot_shiro_layui\jun_springboot_shiro_jwt_layui\jun_biz_manager)
2021-09-08 11:39:56.861      [restartedMain] INFO  c.j.biz.SpringbootApplication:655 - The following profiles are active: dev
2021-09-08 11:39:56.962      [restartedMain] INFO  o.s.b.d.e.DevToolsPropertyDefaultsPostProcessor:225 - Devtools property defaults active! Set 'spring.devtools.add-properties' to 'false' to disable
2021-09-08 11:39:56.963      [restartedMain] INFO  o.s.b.d.e.DevToolsPropertyDefaultsPostProcessor:225 - For additional web related logging consider setting the 'logging.level.web' property to 'DEBUG'
2021-09-08 11:39:58.476      [restartedMain] INFO  o.s.d.r.c.RepositoryConfigurationDelegate:249 - Multiple Spring Data modules found, entering strict repository configuration mode!
2021-09-08 11:39:58.480      [restartedMain] INFO  o.s.d.r.c.RepositoryConfigurationDelegate:127 - Bootstrapping Spring Data Elasticsearch repositories in DEFAULT mode.
2021-09-08 11:39:58.564      [restartedMain] INFO  o.s.d.r.c.RepositoryConfigurationDelegate:187 - Finished Spring Data repository scanning in 75ms. Found 0 Elasticsearch repository interfaces.
2021-09-08 11:39:58.573      [restartedMain] INFO  o.s.d.r.c.RepositoryConfigurationDelegate:249 - Multiple Spring Data modules found, entering strict repository configuration mode!
2021-09-08 11:39:58.574      [restartedMain] INFO  o.s.d.r.c.RepositoryConfigurationDelegate:127 - Bootstrapping Spring Data Reactive Elasticsearch repositories in DEFAULT mode.
2021-09-08 11:39:58.617      [restartedMain] INFO  o.s.d.r.c.RepositoryConfigurationDelegate:187 - Finished Spring Data repository scanning in 41ms. Found 0 Reactive Elasticsearch repository interfaces.
2021-09-08 11:39:58.646      [restartedMain] INFO  o.s.d.r.c.RepositoryConfigurationDelegate:249 - Multiple Spring Data modules found, entering strict repository configuration mode!
2021-09-08 11:39:58.649      [restartedMain] INFO  o.s.d.r.c.RepositoryConfigurationDelegate:127 - Bootstrapping Spring Data Redis repositories in DEFAULT mode.
2021-09-08 11:39:58.701      [restartedMain] INFO  o.s.d.r.c.RepositoryConfigurationDelegate:187 - Finished Spring Data repository scanning in 35ms. Found 0 Redis repository interfaces.
2021-09-08 11:40:01.077      [restartedMain] INFO  o.s.b.w.e.t.TomcatWebServer:108 - Tomcat initialized with port(s): 8888 (http)
2021-09-08 11:40:01.098      [restartedMain] INFO  o.a.c.http11.Http11NioProtocol:173 - Initializing ProtocolHandler ["http-nio-8888"]
2021-09-08 11:40:01.100      [restartedMain] INFO  o.a.c.core.StandardService:173 - Starting service [Tomcat]
2021-09-08 11:40:01.100      [restartedMain] INFO  o.a.c.core.StandardEngine:173 - Starting Servlet engine: [Apache Tomcat/9.0.38]
2021-09-08 11:40:01.264      [restartedMain] INFO  o.a.c.c.C.[.[localhost].[/]:173 - Initializing Spring embedded WebApplicationContext
2021-09-08 11:40:01.265      [restartedMain] INFO  o.s.b.w.s.c.ServletWebServerApplicationContext:285 - Root WebApplicationContext: initialization completed in 4302 ms
2021-09-08 11:40:01.680      [restartedMain] INFO  c.a.d.s.b.a.DruidDataSourceAutoConfigure:56 - Init DruidDataSource
2021-09-08 11:40:02.901      [restartedMain] INFO  c.a.druid.pool.DruidDataSource:928 - {dataSource-1} inited
2021-09-08 11:40:05.589      [restartedMain] WARN  o.s.d.c.CustomConversions:273 - Registering converter from class org.springframework.data.geo.Point to interface java.util.Map as writing converter although it doesn't convert to a store-supported type! You might want to check your annotation setup at the converter implementation.
2021-09-08 11:40:05.591      [restartedMain] WARN  o.s.d.c.CustomConversions:263 - Registering converter from interface java.util.Map to class org.springframework.data.geo.Point as reading converter although it doesn't convert from a store-supported type! You might want to check your annotation setup at the converter implementation.
2021-09-08 11:40:05.593      [restartedMain] WARN  o.s.d.c.CustomConversions:273 - Registering converter from class org.springframework.data.elasticsearch.core.geo.GeoPoint to interface java.util.Map as writing converter although it doesn't convert to a store-supported type! You might want to check your annotation setup at the converter implementation.
2021-09-08 11:40:05.594      [restartedMain] WARN  o.s.d.c.CustomConversions:263 - Registering converter from interface java.util.Map to class org.springframework.data.elasticsearch.core.geo.GeoPoint as reading converter although it doesn't convert from a store-supported type! You might want to check your annotation setup at the converter implementation.
2021-09-08 11:40:07.822      [restartedMain] INFO  o.s.d.e.support.VersionInfo:59 - Version Spring Data Elasticsearch: 4.0.4.RELEASE
2021-09-08 11:40:07.824      [restartedMain] INFO  o.s.d.e.support.VersionInfo:60 - Version Elasticsearch Client in build: 7.6.2
2021-09-08 11:40:07.825      [restartedMain] INFO  o.s.d.e.support.VersionInfo:61 - Version Elasticsearch Client used: 7.6.2
2021-09-08 11:40:09.380      [restartedMain] INFO  o.s.s.c.ThreadPoolTaskExecutor:181 - Initializing ExecutorService 'applicationTaskExecutor'
2021-09-08 11:40:09.606      [restartedMain] INFO  o.s.b.a.w.s.WelcomePageHandlerMapping:54 - Adding welcome page: class path resource [static/index.html]
2021-09-08 11:40:10.233      [restartedMain] WARN  o.s.b.a.f.FreeMarkerAutoConfiguration:67 - Cannot find template location(s): [classpath:/templates/] (please add some templates, check your FreeMarker configuration, or set spring.freemarker.checkTemplateLocation=false)
2021-09-08 11:40:10.523      [restartedMain] INFO  o.s.b.d.a.OptionalLiveReloadServer:58 - LiveReload server is running on port 35729
2021-09-08 11:40:10.582      [restartedMain] INFO  o.a.c.http11.Http11NioProtocol:173 - Starting ProtocolHandler ["http-nio-8888"]
2021-09-08 11:40:10.615      [restartedMain] INFO  o.s.b.w.e.t.TomcatWebServer:220 - Tomcat started on port(s): 8888 (http) with context path ''
2021-09-08 11:40:10.642      [restartedMain] INFO  c.j.biz.SpringbootApplication:61 - Started SpringbootApplication in 14.761 seconds (JVM running for 15.811)
2021-09-08 11:40:41.973      [http-nio-8888-exec-1] INFO  o.a.c.c.C.[.[localhost].[/]:173 - Initializing Spring DispatcherServlet 'dispatcherServlet'
2021-09-08 11:40:41.974      [http-nio-8888-exec-1] INFO  o.s.w.s.DispatcherServlet:525 - Initializing Servlet 'dispatcherServlet'
2021-09-08 11:40:41.996      [http-nio-8888-exec-1] INFO  o.s.w.s.DispatcherServlet:547 - Completed initialization in 21 ms
2021-09-08 11:40:51.621      [http-nio-8888-exec-10] INFO  c.j.b.m.d.m.p.ModelFieldFactory:35 - 反射读取interface com.jun.biz.manager.dao.AdminDao实体类属性
2021-09-08 11:40:51.660      [http-nio-8888-exec-10] INFO  c.j.b.m.d.m.p.ModelFieldFactory:73 - 读取interface com.jun.biz.manager.dao.AdminDao实体类属性结束
2021-09-08 11:40:51.715      [http-nio-8888-exec-10] INFO  c.j.b.m.d.m.p.ModelFieldFactory:35 - 反射读取interface com.jun.biz.manager.dao.AdminLoginRecordDao实体类属性
2021-09-08 11:40:51.717      [http-nio-8888-exec-10] INFO  c.j.b.m.d.m.p.ModelFieldFactory:73 - 读取interface com.jun.biz.manager.dao.AdminLoginRecordDao实体类属性结束
2021-09-08 11:40:52.694 1631072452693QJX /api/admin/welcome  0:0:0:0:0:0:0:1 admin [http-nio-8888-exec-8] INFO  c.j.b.m.d.m.p.ModelFieldFactory:35 - 反射读取interface com.jun.biz.manager.dao.UserDao实体类属性
2021-09-08 11:40:52.695 1631072452693QJX /api/admin/welcome  0:0:0:0:0:0:0:1 admin [http-nio-8888-exec-8] INFO  c.j.b.m.d.m.p.ModelFieldFactory:73 - 读取interface com.jun.biz.manager.dao.UserDao实体类属性结束
2021-09-08 11:40:52.706 1631072452693QJX /api/admin/welcome  0:0:0:0:0:0:0:1 admin [http-nio-8888-exec-8] INFO  c.j.b.m.d.m.p.ModelFieldFactory:35 - 反射读取interface com.jun.biz.manager.dao.ProductDao实体类属性
2021-09-08 11:40:52.707 1631072452693QJX /api/admin/welcome  0:0:0:0:0:0:0:1 admin [http-nio-8888-exec-8] INFO  c.j.b.m.d.m.p.ModelFieldFactory:73 - 读取interface com.jun.biz.manager.dao.ProductDao实体类属性结束
2021-09-08 11:40:52.716 1631072452693QJX /api/admin/welcome  0:0:0:0:0:0:0:1 admin [http-nio-8888-exec-8] INFO  c.j.b.m.d.m.p.ModelFieldFactory:35 - 反射读取interface com.jun.biz.manager.dao.OrderDao实体类属性
2021-09-08 11:40:52.717 1631072452693QJX /api/admin/welcome  0:0:0:0:0:0:0:1 admin [http-nio-8888-exec-8] INFO  c.j.b.m.d.m.p.ModelFieldFactory:73 - 读取interface com.jun.biz.manager.dao.OrderDao实体类属性结束
2021-09-08 11:40:57.466 1631072457435pth /api/permission/list  0:0:0:0:0:0:0:1 admin [http-nio-8888-exec-5] INFO  c.j.b.m.d.m.p.ModelFieldFactory:35 - 反射读取interface com.jun.biz.manager.dao.PermissionDao实体类属性
2021-09-08 11:40:57.469 1631072457435pth /api/permission/list  0:0:0:0:0:0:0:1 admin [http-nio-8888-exec-5] INFO  c.j.b.m.d.m.p.ModelFieldFactory:73 - 读取interface com.jun.biz.manager.dao.PermissionDao实体类属性结束
2021-09-08 11:40:59.950 1631072459927lZn /api/category/sub-category  0:0:0:0:0:0:0:1 admin [http-nio-8888-exec-4] INFO  c.j.b.m.d.m.p.ModelFieldFactory:35 - 反射读取interface com.jun.biz.manager.dao.CategoryDao实体类属性
2021-09-08 11:40:59.954 1631072459927lZn /api/category/sub-category  0:0:0:0:0:0:0:1 admin [http-nio-8888-exec-4] INFO  c.j.b.m.d.m.p.ModelFieldFactory:73 - 读取interface com.jun.biz.manager.dao.CategoryDao实体类属性结束
2021-09-08 11:41:01.474 1631072461440pXR /api/ad-space/list  0:0:0:0:0:0:0:1 admin [http-nio-8888-exec-4] INFO  c.j.b.m.d.m.p.ModelFieldFactory:35 - 反射读取interface com.jun.biz.manager.dao.AdSpaceDao实体类属性
2021-09-08 11:41:01.477 1631072461440pXR /api/ad-space/list  0:0:0:0:0:0:0:1 admin [http-nio-8888-exec-4] INFO  c.j.b.m.d.m.p.ModelFieldFactory:73 - 读取interface com.jun.biz.manager.dao.AdSpaceDao实体类属性结束
